Determining if the function crc32c_value exists in the crc32c failed with the following output:
Change Dir: /home/meggie/文档/leveldb-mynvmeta/build/CMakeFiles/CMakeTmp

Run Build Command:"/usr/bin/make" "cmTC_bb5de/fast"
/usr/bin/make -f CMakeFiles/cmTC_bb5de.dir/build.make CMakeFiles/cmTC_bb5de.dir/build
make[1]: Entering directory '/home/meggie/文档/leveldb-mynvmeta/build/CMakeFiles/CMakeTmp'
Building C object CMakeFiles/cmTC_bb5de.dir/CheckFunctionExists.c.o
/usr/bin/cc   -DCHECK_FUNCTION_EXISTS=crc32c_value   -std=c11 -o CMakeFiles/cmTC_bb5de.dir/CheckFunctionExists.c.o   -c /usr/local/share/cmake-3.9/Modules/CheckFunctionExists.c
Linking C executable cmTC_bb5de
/usr/local/bin/cmake -E cmake_link_script CMakeFiles/cmTC_bb5de.dir/link.txt --verbose=1
/usr/bin/cc  -DCHECK_FUNCTION_EXISTS=crc32c_value    CMakeFiles/cmTC_bb5de.dir/CheckFunctionExists.c.o  -o cmTC_bb5de -lcrc32c 
/usr/bin/ld: 找不到 -lcrc32c
collect2: error: ld returned 1 exit status
CMakeFiles/cmTC_bb5de.dir/build.make:97: recipe for target 'cmTC_bb5de' failed
make[1]: *** [cmTC_bb5de] Error 1
make[1]: Leaving directory '/home/meggie/文档/leveldb-mynvmeta/build/CMakeFiles/CMakeTmp'
Makefile:126: recipe for target 'cmTC_bb5de/fast' failed
make: *** [cmTC_bb5de/fast] Error 2


Determining if the function snappy_compress exists in the snappy failed with the following output:
Change Dir: /home/meggie/文档/leveldb-mynvmeta/build/CMakeFiles/CMakeTmp

Run Build Command:"/usr/bin/make" "cmTC_daa21/fast"
/usr/bin/make -f CMakeFiles/cmTC_daa21.dir/build.make CMakeFiles/cmTC_daa21.dir/build
make[1]: Entering directory '/home/meggie/文档/leveldb-mynvmeta/build/CMakeFiles/CMakeTmp'
Building C object CMakeFiles/cmTC_daa21.dir/CheckFunctionExists.c.o
/usr/bin/cc   -DCHECK_FUNCTION_EXISTS=snappy_compress   -std=c11 -o CMakeFiles/cmTC_daa21.dir/CheckFunctionExists.c.o   -c /usr/local/share/cmake-3.9/Modules/CheckFunctionExists.c
Linking C executable cmTC_daa21
/usr/local/bin/cmake -E cmake_link_script CMakeFiles/cmTC_daa21.dir/link.txt --verbose=1
/usr/bin/cc  -DCHECK_FUNCTION_EXISTS=snappy_compress    CMakeFiles/cmTC_daa21.dir/CheckFunctionExists.c.o  -o cmTC_daa21 -lsnappy 
/usr/bin/ld: 找不到 -lsnappy
collect2: error: ld returned 1 exit status
CMakeFiles/cmTC_daa21.dir/build.make:97: recipe for target 'cmTC_daa21' failed
make[1]: *** [cmTC_daa21] Error 1
make[1]: Leaving directory '/home/meggie/文档/leveldb-mynvmeta/build/CMakeFiles/CMakeTmp'
Makefile:126: recipe for target 'cmTC_daa21/fast' failed
make: *** [cmTC_daa21/fast] Error 2


Determining if the function malloc exists in the tcmalloc failed with the following output:
Change Dir: /home/meggie/文档/leveldb-mynvmeta/build/CMakeFiles/CMakeTmp

Run Build Command:"/usr/bin/make" "cmTC_90b37/fast"
/usr/bin/make -f CMakeFiles/cmTC_90b37.dir/build.make CMakeFiles/cmTC_90b37.dir/build
make[1]: Entering directory '/home/meggie/文档/leveldb-mynvmeta/build/CMakeFiles/CMakeTmp'
Building C object CMakeFiles/cmTC_90b37.dir/CheckFunctionExists.c.o
/usr/bin/cc   -DCHECK_FUNCTION_EXISTS=malloc   -std=c11 -o CMakeFiles/cmTC_90b37.dir/CheckFunctionExists.c.o   -c /usr/local/share/cmake-3.9/Modules/CheckFunctionExists.c
<command-line>:0:23: warning: conflicting types for built-in function ‘malloc’
/usr/local/share/cmake-3.9/Modules/CheckFunctionExists.c:7:3: note: in expansion of macro ‘CHECK_FUNCTION_EXISTS’
   CHECK_FUNCTION_EXISTS(void);
   ^
Linking C executable cmTC_90b37
/usr/local/bin/cmake -E cmake_link_script CMakeFiles/cmTC_90b37.dir/link.txt --verbose=1
/usr/bin/cc  -DCHECK_FUNCTION_EXISTS=malloc    CMakeFiles/cmTC_90b37.dir/CheckFunctionExists.c.o  -o cmTC_90b37 -ltcmalloc 
/usr/bin/ld: 找不到 -ltcmalloc
collect2: error: ld returned 1 exit status
CMakeFiles/cmTC_90b37.dir/build.make:97: recipe for target 'cmTC_90b37' failed
make[1]: *** [cmTC_90b37] Error 1
make[1]: Leaving directory '/home/meggie/文档/leveldb-mynvmeta/build/CMakeFiles/CMakeTmp'
Makefile:126: recipe for target 'cmTC_90b37/fast' failed
make: *** [cmTC_90b37/fast] Error 2


Determining if the F_FULLFSYNC exist failed with the following output:
Change Dir: /home/meggie/文档/leveldb-mynvmeta/build/CMakeFiles/CMakeTmp

Run Build Command:"/usr/bin/make" "cmTC_6b69d/fast"
/usr/bin/make -f CMakeFiles/cmTC_6b69d.dir/build.make CMakeFiles/cmTC_6b69d.dir/build
make[1]: Entering directory '/home/meggie/文档/leveldb-mynvmeta/build/CMakeFiles/CMakeTmp'
Building CXX object CMakeFiles/cmTC_6b69d.dir/CheckSymbolExists.cxx.o
/usr/bin/c++    -std=c++11 -o CMakeFiles/cmTC_6b69d.dir/CheckSymbolExists.cxx.o -c /home/meggie/文档/leveldb-mynvmeta/build/CMakeFiles/CMakeTmp/CheckSymbolExists.cxx
/home/meggie/文档/leveldb-mynvmeta/build/CMakeFiles/CMakeTmp/CheckSymbolExists.cxx: In function ‘int main(int, char**)’:
/home/meggie/文档/leveldb-mynvmeta/build/CMakeFiles/CMakeTmp/CheckSymbolExists.cxx:8:19: error: ‘F_FULLFSYNC’ was not declared in this scope
   return ((int*)(&F_FULLFSYNC))[argc];
                   ^
CMakeFiles/cmTC_6b69d.dir/build.make:65: recipe for target 'CMakeFiles/cmTC_6b69d.dir/CheckSymbolExists.cxx.o' failed
make[1]: *** [CMakeFiles/cmTC_6b69d.dir/CheckSymbolExists.cxx.o] Error 1
make[1]: Leaving directory '/home/meggie/文档/leveldb-mynvmeta/build/CMakeFiles/CMakeTmp'
Makefile:126: recipe for target 'cmTC_6b69d/fast' failed
make: *** [cmTC_6b69d/fast] Error 2

File /home/meggie/文档/leveldb-mynvmeta/build/CMakeFiles/CMakeTmp/CheckSymbolExists.cxx:
/* */
#include <fcntl.h>

int main(int argc, char** argv)
{
  (void)argv;
#ifndef F_FULLFSYNC
  return ((int*)(&F_FULLFSYNC))[argc];
#else
  (void)argc;
  return 0;
#endif
}

Performing C++ SOURCE FILE Test HAVE_CLANG_THREAD_SAFETY failed with the following output:
Change Dir: /home/meggie/文档/leveldb-mynvmeta/build/CMakeFiles/CMakeTmp

Run Build Command:"/usr/bin/make" "cmTC_e973c/fast"
/usr/bin/make -f CMakeFiles/cmTC_e973c.dir/build.make CMakeFiles/cmTC_e973c.dir/build
make[1]: Entering directory '/home/meggie/文档/leveldb-mynvmeta/build/CMakeFiles/CMakeTmp'
Building CXX object CMakeFiles/cmTC_e973c.dir/src.cxx.o
/usr/bin/c++    -DHAVE_CLANG_THREAD_SAFETY -Werror   -std=c++11 -o CMakeFiles/cmTC_e973c.dir/src.cxx.o -c /home/meggie/文档/leveldb-mynvmeta/build/CMakeFiles/CMakeTmp/src.cxx
/home/meggie/文档/leveldb-mynvmeta/build/CMakeFiles/CMakeTmp/src.cxx:2:34: error: ‘lockable’ attribute directive ignored [-Werror=attributes]
 struct __attribute__((lockable)) Lock {
                                  ^
/home/meggie/文档/leveldb-mynvmeta/build/CMakeFiles/CMakeTmp/src.cxx:3:59: error: ‘exclusive_lock_function’ attribute directive ignored [-Werror=attributes]
   void Acquire() __attribute__((exclusive_lock_function()));
                                                           ^
/home/meggie/文档/leveldb-mynvmeta/build/CMakeFiles/CMakeTmp/src.cxx:4:51: error: ‘unlock_function’ attribute directive ignored [-Werror=attributes]
   void Release() __attribute__((unlock_function()));
                                                   ^
/home/meggie/文档/leveldb-mynvmeta/build/CMakeFiles/CMakeTmp/src.cxx:8:46: error: ‘guarded_by’ attribute directive ignored [-Werror=attributes]
   int data_ __attribute__((guarded_by(lock_)));
                                              ^
cc1plus: all warnings being treated as errors
CMakeFiles/cmTC_e973c.dir/build.make:65: recipe for target 'CMakeFiles/cmTC_e973c.dir/src.cxx.o' failed
make[1]: *** [CMakeFiles/cmTC_e973c.dir/src.cxx.o] Error 1
make[1]: Leaving directory '/home/meggie/文档/leveldb-mynvmeta/build/CMakeFiles/CMakeTmp'
Makefile:126: recipe for target 'cmTC_e973c/fast' failed
make: *** [cmTC_e973c/fast] Error 2

Source file was:

struct __attribute__((lockable)) Lock {
  void Acquire() __attribute__((exclusive_lock_function()));
  void Release() __attribute__((unlock_function()));
};
struct ThreadSafeType {
  Lock lock_;
  int data_ __attribute__((guarded_by(lock_)));
};
int main() { return 0; }

Determining if the pthread_create exist failed with the following output:
Change Dir: /home/meggie/文档/leveldb-mynvmeta/build/CMakeFiles/CMakeTmp

Run Build Command:"/usr/bin/make" "cmTC_af4a4/fast"
/usr/bin/make -f CMakeFiles/cmTC_af4a4.dir/build.make CMakeFiles/cmTC_af4a4.dir/build
make[1]: Entering directory '/home/meggie/文档/leveldb-mynvmeta/build/CMakeFiles/CMakeTmp'
Building C object CMakeFiles/cmTC_af4a4.dir/CheckSymbolExists.c.o
/usr/bin/cc   -std=c11 -o CMakeFiles/cmTC_af4a4.dir/CheckSymbolExists.c.o   -c /home/meggie/文档/leveldb-mynvmeta/build/CMakeFiles/CMakeTmp/CheckSymbolExists.c
Linking C executable cmTC_af4a4
/usr/local/bin/cmake -E cmake_link_script CMakeFiles/cmTC_af4a4.dir/link.txt --verbose=1
/usr/bin/cc      CMakeFiles/cmTC_af4a4.dir/CheckSymbolExists.c.o  -o cmTC_af4a4 
CMakeFiles/cmTC_af4a4.dir/CheckSymbolExists.c.o：在函数‘main’中：
CheckSymbolExists.c:(.text+0x16)：对‘pthread_create’未定义的引用
collect2: error: ld returned 1 exit status
CMakeFiles/cmTC_af4a4.dir/build.make:97: recipe for target 'cmTC_af4a4' failed
make[1]: *** [cmTC_af4a4] Error 1
make[1]: Leaving directory '/home/meggie/文档/leveldb-mynvmeta/build/CMakeFiles/CMakeTmp'
Makefile:126: recipe for target 'cmTC_af4a4/fast' failed
make: *** [cmTC_af4a4/fast] Error 2

File /home/meggie/文档/leveldb-mynvmeta/build/CMakeFiles/CMakeTmp/CheckSymbolExists.c:
/* */
#include <pthread.h>

int main(int argc, char** argv)
{
  (void)argv;
#ifndef pthread_create
  return ((int*)(&pthread_create))[argc];
#else
  (void)argc;
  return 0;
#endif
}

Determining if the function pthread_create exists in the pthreads failed with the following output:
Change Dir: /home/meggie/文档/leveldb-mynvmeta/build/CMakeFiles/CMakeTmp

Run Build Command:"/usr/bin/make" "cmTC_95583/fast"
/usr/bin/make -f CMakeFiles/cmTC_95583.dir/build.make CMakeFiles/cmTC_95583.dir/build
make[1]: Entering directory '/home/meggie/文档/leveldb-mynvmeta/build/CMakeFiles/CMakeTmp'
Building C object CMakeFiles/cmTC_95583.dir/CheckFunctionExists.c.o
/usr/bin/cc   -DCHECK_FUNCTION_EXISTS=pthread_create   -std=c11 -o CMakeFiles/cmTC_95583.dir/CheckFunctionExists.c.o   -c /usr/local/share/cmake-3.9/Modules/CheckFunctionExists.c
Linking C executable cmTC_95583
/usr/local/bin/cmake -E cmake_link_script CMakeFiles/cmTC_95583.dir/link.txt --verbose=1
/usr/bin/cc  -DCHECK_FUNCTION_EXISTS=pthread_create    CMakeFiles/cmTC_95583.dir/CheckFunctionExists.c.o  -o cmTC_95583 -lpthreads 
/usr/bin/ld: 找不到 -lpthreads
collect2: error: ld returned 1 exit status
CMakeFiles/cmTC_95583.dir/build.make:97: recipe for target 'cmTC_95583' failed
make[1]: *** [cmTC_95583] Error 1
make[1]: Leaving directory '/home/meggie/文档/leveldb-mynvmeta/build/CMakeFiles/CMakeTmp'
Makefile:126: recipe for target 'cmTC_95583/fast' failed
make: *** [cmTC_95583/fast] Error 2


Determining if the function sqlite3_open exists in the sqlite3 failed with the following output:
Change Dir: /home/meggie/文档/leveldb-mynvmeta/build/CMakeFiles/CMakeTmp

Run Build Command:"/usr/bin/make" "cmTC_a4d9d/fast"
/usr/bin/make -f CMakeFiles/cmTC_a4d9d.dir/build.make CMakeFiles/cmTC_a4d9d.dir/build
make[1]: Entering directory '/home/meggie/文档/leveldb-mynvmeta/build/CMakeFiles/CMakeTmp'
Building C object CMakeFiles/cmTC_a4d9d.dir/CheckFunctionExists.c.o
/usr/bin/cc   -DCHECK_FUNCTION_EXISTS=sqlite3_open   -std=c11 -o CMakeFiles/cmTC_a4d9d.dir/CheckFunctionExists.c.o   -c /usr/local/share/cmake-3.9/Modules/CheckFunctionExists.c
Linking C executable cmTC_a4d9d
/usr/local/bin/cmake -E cmake_link_script CMakeFiles/cmTC_a4d9d.dir/link.txt --verbose=1
/usr/bin/cc  -DCHECK_FUNCTION_EXISTS=sqlite3_open    CMakeFiles/cmTC_a4d9d.dir/CheckFunctionExists.c.o  -o cmTC_a4d9d -lsqlite3 
/usr/bin/ld: 找不到 -lsqlite3
collect2: error: ld returned 1 exit status
CMakeFiles/cmTC_a4d9d.dir/build.make:97: recipe for target 'cmTC_a4d9d' failed
make[1]: *** [cmTC_a4d9d] Error 1
make[1]: Leaving directory '/home/meggie/文档/leveldb-mynvmeta/build/CMakeFiles/CMakeTmp'
Makefile:126: recipe for target 'cmTC_a4d9d/fast' failed
make: *** [cmTC_a4d9d/fast] Error 2


Performing C++ SOURCE FILE Test HAVE_KYOTOCABINET failed with the following output:
Change Dir: /home/meggie/文档/leveldb-mynvmeta/build/CMakeFiles/CMakeTmp

Run Build Command:"/usr/bin/make" "cmTC_7cc24/fast"
/usr/bin/make -f CMakeFiles/cmTC_7cc24.dir/build.make CMakeFiles/cmTC_7cc24.dir/build
make[1]: Entering directory '/home/meggie/文档/leveldb-mynvmeta/build/CMakeFiles/CMakeTmp'
Building CXX object CMakeFiles/cmTC_7cc24.dir/src.cxx.o
/usr/bin/c++    -DHAVE_KYOTOCABINET   -std=c++11 -o CMakeFiles/cmTC_7cc24.dir/src.cxx.o -c /home/meggie/文档/leveldb-mynvmeta/build/CMakeFiles/CMakeTmp/src.cxx
/home/meggie/文档/leveldb-mynvmeta/build/CMakeFiles/CMakeTmp/src.cxx:2:22: fatal error: kcpolydb.h: 没有那个文件或目录
compilation terminated.
CMakeFiles/cmTC_7cc24.dir/build.make:65: recipe for target 'CMakeFiles/cmTC_7cc24.dir/src.cxx.o' failed
make[1]: *** [CMakeFiles/cmTC_7cc24.dir/src.cxx.o] Error 1
make[1]: Leaving directory '/home/meggie/文档/leveldb-mynvmeta/build/CMakeFiles/CMakeTmp'
Makefile:126: recipe for target 'cmTC_7cc24/fast' failed
make: *** [cmTC_7cc24/fast] Error 2

Source file was:

#include <kcpolydb.h>

int main() {
  kyotocabinet::TreeDB* db = new kyotocabinet::TreeDB();
  delete db;
  return 0;
}
  
